<?xml version="1.0" encoding="utf-8"?>
<testsuites>
    <testsuite name="pytest" errors="0" failures="0" skipped="0" tests="3" time="0.116" timestamp="2021-03-09T13:27:48.941529" hostname="Work-MBP">
        <testcase classname="bl.test_main" name="test_add" time="0.008" />
        <testcase classname="bl.test_main" name="test_add2[42]" time="0.002" />
        <testcase classname="bl.test_main" name="test_add2[39]" time="0.002" />
    </testsuite>
</testsuites>