<?xml version="1.0" encoding="utf-8"?><testsuites><testsuite name="pytest" errors="0" failures="1" skipped="0" tests="3" time="0.104" timestamp="2021-03-09T15:55:57.967217" hostname="Work-MBP"><testcase classname="src.test_main" name="test_add" time="0.008" /><testcase classname="src.test_main" name="test_add2[3.0]" time="0.002" /><testcase classname="src.test_main" name="test_add2[0]" time="0.002"><failure message="ZeroDivisionError: float division by zero">denom = 0

    @pytest.mark.parametrize("denom", [(3.0), (0)])
    def test_add2(denom: float):
&gt;       assert divide(1., denom) == 1/3

src/test_main.py:14:
_ _ _ _ _ _ _ _ _ _ _ _ _ _ _ _ _ _ _ _ _ _ _ _ _ _ _ _ _ _ _ _ _ _ _ _ _ _ _ _ _ _ _ _ _ _ _ _

x = 1.0, y = 0

    def divide(x, y):
&gt;       return x / y
E       ZeroDivisionError: float division by zero

src/test_main.py:5: ZeroDivisionError</failure></testcase></testsuite></testsuites>